<?xml version="1.0" encoding="UTF-8" ?>
<testsuite errors="0" failures="0" hostname="MarksMB.local" name="it.rambow.fhb.junit.ParserToolsTest" tests="9" time="0.151" timestamp="2009-11-30T17:31:45">
  <properties>
[...]
</properties>
  <testcase classname="it.rambow.fhb.junit.ParserToolsTest" name="testStandardEmail" time="0.012" />
  <testcase classname="it.rambow.fhb.junit.ParserToolsTest" name="testEmailIsNot_A_URL" time="0.0020" />
  <testcase classname="it.rambow.fhb.junit.ParserToolsTest" name="testEmailWorksWith4LetterDomain" time="0.0" />
  <testcase classname="it.rambow.fhb.junit.ParserToolsTest" name="testEmailWithNumbers" time="0.0" />
  <testcase classname="it.rambow.fhb.junit.ParserToolsTest" name="testEmailWithDomainNumbers" time="0.0" />
  <testcase classname="it.rambow.fhb.junit.ParserToolsTest" name="testEmailWithoutDomain" time="0.0010" />
  <testcase classname="it.rambow.fhb.junit.ParserToolsTest" name="testEmailTooShort" time="0.0" />
  <testcase classname="it.rambow.fhb.junit.ParserToolsTest" name="testEmailWith4LengthDomain" time="0.0010" />
  <testcase classname="it.rambow.fhb.junit.ParserToolsTest" name="testHyphenEmail" time="0.0010" />
  <system-out><![CDATA[]]></system-out>
  <system-err><![CDATA[]]></system-err>
</testsuite>
